
████████████████████████████████████████████████████████████████████████████████
█                                                                              █
█  COMPLETE END-TO-END MISSION LIFECYCLE AUTOMATION                            █
█                                                                              █
████████████████████████████████████████████████████████████████████████████████

Mission: SUCCESS TEST: Simple Coding Task
Worker: ContractBuilder (agent_3ae941f05d14da85)
Requester: 0xSUCCESS_TEST
Reward: 50 CLAWGER

INITIAL BALANCES:
  Worker: 500 CLAWGER
  Requester: 10000 CLAWGER

================================================================================
STEP: 1. Worker Polls for Tasks
================================================================================

{
  "workerId": "agent_3ae941f05d14da85",
  "workerApiKey": "claw_sk_e6c193c47488..."
}

================================================================================
STEP: 1a. Mission Task Retrieved
================================================================================

{
  "taskId": "task_1770620011539_wkzauzvhz",
  "type": "mission_assigned",
  "priority": "high",
  "missionId": "mission_1770620011537_kvds0o"
}

================================================================================
STEP: 2. Worker Starts Mission
================================================================================

{
  "missionId": "mission_1770620011537_kvds0o"
}

❌ E2E TEST FAILED

AxiosError: Request failed with status code 500
    at settle (/Users/vishruthsk/clawger/node_modules/axios/lib/core/settle.js:19:12)
    at Unzip.handleStreamEnd (/Users/vishruthsk/clawger/node_modules/axios/lib/adapters/http.js:798:11)
    at Unzip.emit (node:events:519:28)
    at endReadableNT (node:internal/streams/readable:1698:12)
    at process.processTicksAndRejections (node:internal/process/task_queues:90:21)
    at Axios.request (/Users/vishruthsk/clawger/node_modules/axios/lib/core/Axios.js:45:41)
    at process.processTicksAndRejections (node:internal/process/task_queues:105:5)
    at async runCompleteE2E (/Users/vishruthsk/clawger/scripts/run-complete-mission-e2e.ts:107:31) {
  isAxiosError: true,
  code: 'ERR_BAD_RESPONSE',
  config: {
    transitional: {
      silentJSONParsing: true,
      forcedJSONParsing: true,
      clarifyTimeoutError: false
    },
    adapter: [ 'xhr', 'http', 'fetch' ],
    transformRequest: [ [Function: transformRequest] ],
    transformResponse: [ [Function: transformResponse] ],
    timeout: 0,
    xsrfCookieName: 'XSRF-TOKEN',
    xsrfHeaderName: 'X-XSRF-TOKEN',
    maxContentLength: -1,
    maxBodyLength: -1,
    env: { FormData: [Function], Blob: [class Blob] },
    validateStatus: [Function: validateStatus],
    headers: Object [AxiosHeaders] {
      Accept: 'application/json, text/plain, */*',
      'Content-Type': 'application/json',
      Authorization: 'Bearer claw_sk_e6c193c474881d61a7a69ae4cf0480120b2bcd6b84bffa09',
      'User-Agent': 'axios/1.13.4',
      'Content-Length': '2',
      'Accept-Encoding': 'gzip, compress, deflate, br'
    },
    method: 'post',
    url: 'http://localhost:3000/api/missions/mission_1770620011537_kvds0o/start',
    data: '{}',
    allowAbsoluteUrls: true
  },
  request: <ref *1> ClientRequest {
    _events: [Object: null prototype] {
      abort: [Function (anonymous)],
      aborted: [Function (anonymous)],
      connect: [Function (anonymous)],
      error: [Function (anonymous)],
      socket: [Function (anonymous)],
      timeout: [Function (anonymous)],
      finish: [Function: requestOnFinish]
    },
    _eventsCount: 7,
    _maxListeners: undefined,
    outputData: [],
    outputSize: 0,
    writable: true,
    destroyed: true,
    _last: false,
    chunkedEncoding: false,
    shouldKeepAlive: true,
    maxRequestsOnConnectionReached: false,
    _defaultKeepAlive: true,
    useChunkedEncodingByDefault: true,
    sendDate: false,
    _removedConnection: false,
    _removedContLen: false,
    _removedTE: false,
    strictContentLength: false,
    _contentLength: 2,
    _hasBody: true,
    _trailer: '',
    finished: true,
    _headerSent: true,
    _closed: true,
    _header: 'POST /api/missions/mission_1770620011537_kvds0o/start HTTP/1.1\r\n' +
      'Accept: application/json, text/plain, */*\r\n' +
      'Content-Type: application/json\r\n' +
      'Authorization: Bearer claw_sk_e6c193c474881d61a7a69ae4cf0480120b2bcd6b84bffa09\r\n' +
      'User-Agent: axios/1.13.4\r\n' +
      'Content-Length: 2\r\n' +
      'Accept-Encoding: gzip, compress, deflate, br\r\n' +
      'Host: localhost:3000\r\n' +
      'Connection: keep-alive\r\n' +
      '\r\n',
    _keepAliveTimeout: 0,
    _onPendingData: [Function: nop],
    agent: Agent {
      _events: [Object: null prototype],
      _eventsCount: 2,
      _maxListeners: undefined,
      defaultPort: 80,
      protocol: 'http:',
      options: [Object: null prototype],
      requests: [Object: null prototype] {},
      sockets: [Object: null prototype] {},
      freeSockets: [Object: null prototype],
      keepAliveMsecs: 1000,
      keepAlive: true,
      maxSockets: Infinity,
      maxFreeSockets: 256,
      scheduling: 'lifo',
      maxTotalSockets: Infinity,
      totalSocketCount: 1,
      agentKeepAliveTimeoutBuffer: 1000,
      [Symbol(shapeMode)]: false,
      [Symbol(kCapture)]: false
    },
    socketPath: undefined,
    method: 'POST',
    maxHeaderSize: undefined,
    insecureHTTPParser: undefined,
    joinDuplicateHeaders: undefined,
    path: '/api/missions/mission_1770620011537_kvds0o/start',
    _ended: true,
    res: IncomingMessage {
      _events: [Object],
      _readableState: [ReadableState],
      _maxListeners: undefined,
      socket: null,
      httpVersionMajor: 1,
      httpVersionMinor: 1,
      httpVersion: '1.1',
      complete: true,
      rawHeaders: [Array],
      rawTrailers: [],
      joinDuplicateHeaders: undefined,
      aborted: false,
      upgrade: false,
      url: '',
      method: null,
      statusCode: 500,
      statusMessage: 'Internal Server Error',
      client: [Socket],
      _consuming: false,
      _dumped: false,
      req: [Circular *1],
      _eventsCount: 4,
      responseUrl: 'http://localhost:3000/api/missions/mission_1770620011537_kvds0o/start',
      redirects: [],
      [Symbol(shapeMode)]: true,
      [Symbol(kCapture)]: false,
      [Symbol(kHeaders)]: [Object],
      [Symbol(kHeadersCount)]: 20,
      [Symbol(kTrailers)]: null,
      [Symbol(kTrailersCount)]: 0
    },
    aborted: false,
    timeoutCb: null,
    upgradeOrConnect: false,
    parser: null,
    maxHeadersCount: null,
    reusedSocket: true,
    host: 'localhost',
    protocol: 'http:',
    _redirectable: Writable {
      _events: [Object],
      _writableState: [WritableState],
      _maxListeners: undefined,
      _options: [Object],
      _ended: true,
      _ending: true,
      _redirectCount: 0,
      _redirects: [],
      _requestBodyLength: 2,
      _requestBodyBuffers: [],
      _eventsCount: 3,
      _onNativeResponse: [Function (anonymous)],
      _currentRequest: [Circular *1],
      _currentUrl: 'http://localhost:3000/api/missions/mission_1770620011537_kvds0o/start',
      _timeout: null,
      [Symbol(shapeMode)]: true,
      [Symbol(kCapture)]: false
    },
    [Symbol(shapeMode)]: false,
    [Symbol(kCapture)]: false,
    [Symbol(kBytesWritten)]: 0,
    [Symbol(kNeedDrain)]: false,
    [Symbol(corked)]: 0,
    [Symbol(kChunkedBuffer)]: [],
    [Symbol(kChunkedLength)]: 0,
    [Symbol(kSocket)]: Socket {
      connecting: false,
      _hadError: false,
      _parent: null,
      _host: 'localhost',
      _closeAfterHandlingError: false,
      _events: [Object],
      _readableState: [ReadableState],
      _writableState: [WritableState],
      allowHalfOpen: false,
      _maxListeners: undefined,
      _eventsCount: 6,
      _sockname: null,
      _pendingData: null,
      _pendingEncoding: '',
      server: null,
      _server: null,
      timeout: 4000,
      parser: null,
      _httpMessage: null,
      autoSelectFamilyAttemptedAddresses: [Array],
      [Symbol(async_id_symbol)]: -1,
      [Symbol(kHandle)]: [TCP],
      [Symbol(lastWriteQueueSize)]: 0,
      [Symbol(timeout)]: Timeout {
        _idleTimeout: 4000,
        _idlePrev: [TimersList],
        _idleNext: [TimersList],
        _idleStart: 6700,
        _onTimeout: [Function: bound ],
        _timerArgs: undefined,
        _repeat: null,
        _destroyed: false,
        [Symbol(refed)]: false,
        [Symbol(kHasPrimitive)]: false,
        [Symbol(asyncId)]: 90,
        [Symbol(triggerId)]: 88,
        [Symbol(kAsyncContextFrame)]: undefined
      },
      [Symbol(kBuffer)]: null,
      [Symbol(kBufferCb)]: null,
      [Symbol(kBufferGen)]: null,
      [Symbol(shapeMode)]: true,
      [Symbol(kCapture)]: false,
      [Symbol(kSetNoDelay)]: true,
      [Symbol(kSetKeepAlive)]: true,
      [Symbol(kSetKeepAliveInitialDelay)]: 1,
      [Symbol(kBytesRead)]: 0,
      [Symbol(kBytesWritten)]: 0
    },
    [Symbol(kOutHeaders)]: [Object: null prototype] {
      accept: [Array],
      'content-type': [Array],
      authorization: [Array],
      'user-agent': [Array],
      'content-length': [Array],
      'accept-encoding': [Array],
      host: [Array]
    },
    [Symbol(errored)]: null,
    [Symbol(kHighWaterMark)]: 65536,
    [Symbol(kRejectNonStandardBodyWrites)]: false,
    [Symbol(kUniqueHeaders)]: null
  },
  response: {
    status: 500,
    statusText: 'Internal Server Error',
    headers: Object [AxiosHeaders] {
      'cache-control': 'no-store, must-revalidate',
      'x-powered-by': 'Next.js',
      etag: '"idw6ph6tnn5qo"',
      'content-type': 'text/html; charset=utf-8',
      vary: 'Accept-Encoding',
      date: 'Mon, 09 Feb 2026 07:07:34 GMT',
      connection: 'keep-alive',
      'keep-alive': 'timeout=5',
      'transfer-encoding': 'chunked'
    },
    config: {
      transitional: [Object],
      adapter: [Array],
      transformRequest: [Array],
      transformResponse: [Array],
      timeout: 0,
      xsrfCookieName: 'XSRF-TOKEN',
      xsrfHeaderName: 'X-XSRF-TOKEN',
      maxContentLength: -1,
      maxBodyLength: -1,
      env: [Object],
      validateStatus: [Function: validateStatus],
      headers: [Object [AxiosHeaders]],
      method: 'post',
      url: 'http://localhost:3000/api/missions/mission_1770620011537_kvds0o/start',
      data: '{}',
      allowAbsoluteUrls: true
    },
    request: <ref *1> ClientRequest {
      _events: [Object: null prototype],
      _eventsCount: 7,
      _maxListeners: undefined,
      outputData: [],
      outputSize: 0,
      writable: true,
      destroyed: true,
      _last: false,
      chunkedEncoding: false,
      shouldKeepAlive: true,
      maxRequestsOnConnectionReached: false,
      _defaultKeepAlive: true,
      useChunkedEncodingByDefault: true,
      sendDate: false,
      _removedConnection: false,
      _removedContLen: false,
      _removedTE: false,
      strictContentLength: false,
      _contentLength: 2,
      _hasBody: true,
      _trailer: '',
      finished: true,
      _headerSent: true,
      _closed: true,
      _header: 'POST /api/missions/mission_1770620011537_kvds0o/start HTTP/1.1\r\n' +
        'Accept: application/json, text/plain, */*\r\n' +
        'Content-Type: application/json\r\n' +
        'Authorization: Bearer claw_sk_e6c193c474881d61a7a69ae4cf0480120b2bcd6b84bffa09\r\n' +
        'User-Agent: axios/1.13.4\r\n' +
        'Content-Length: 2\r\n' +
        'Accept-Encoding: gzip, compress, deflate, br\r\n' +
        'Host: localhost:3000\r\n' +
        'Connection: keep-alive\r\n' +
        '\r\n',
      _keepAliveTimeout: 0,
      _onPendingData: [Function: nop],
      agent: [Agent],
      socketPath: undefined,
      method: 'POST',
      maxHeaderSize: undefined,
      insecureHTTPParser: undefined,
      joinDuplicateHeaders: undefined,
      path: '/api/missions/mission_1770620011537_kvds0o/start',
      _ended: true,
      res: [IncomingMessage],
      aborted: false,
      timeoutCb: null,
      upgradeOrConnect: false,
      parser: null,
      maxHeadersCount: null,
      reusedSocket: true,
      host: 'localhost',
      protocol: 'http:',
      _redirectable: [Writable],
      [Symbol(shapeMode)]: false,
      [Symbol(kCapture)]: false,
      [Symbol(kBytesWritten)]: 0,
      [Symbol(kNeedDrain)]: false,
      [Symbol(corked)]: 0,
      [Symbol(kChunkedBuffer)]: [],
      [Symbol(kChunkedLength)]: 0,
      [Symbol(kSocket)]: [Socket],
      [Symbol(kOutHeaders)]: [Object: null prototype],
      [Symbol(errored)]: null,
      [Symbol(kHighWaterMark)]: 65536,
      [Symbol(kRejectNonStandardBodyWrites)]: false,
      [Symbol(kUniqueHeaders)]: null
    },
    data: `<!DOCTYPE html><html><head><style data-next-hide-fouc="true">body{display:none}</style><noscript data-next-hide-fouc="true"><style>body{display:block}</style></noscript><meta charSet="utf-8"/><meta name="viewport" content="width=device-width"/><meta name="next-head-count" content="2"/><noscript data-n-css=""></noscript><script defer="" nomodule="" src="/_next/static/chunks/polyfills.js"></script><script src="/_next/static/chunks/fallback/webpack.js" defer=""></script><script src="/_next/static/chunks/fallback/main.js" defer=""></script><script src="/_next/static/chunks/fallback/pages/_app.js" defer=""></script><script src="/_next/static/chunks/fallback/pages/_error.js" defer=""></script><noscript id="__next_css__DO_NOT_USE__"></noscript></head><body><div id="__next"></div><script src="/_next/static/chunks/fallback/react-refresh.js"></script><script id="__NEXT_DATA__" type="application/json">{"props":{"pageProps":{"statusCode":500}},"page":"/_error","query":{},"buildId":"development","isFallback":false,"err":{"name":"TypeError","source":"server","message":"Cannot read properties of null (reading 'useReducer')","stack":"TypeError: Cannot read properties of null (reading 'useReducer')\\n    at useReducer (/Users/vishruthsk/clawger/node_modules/react/cjs/react.development.js:1626:21)\\n    at useErrorOverlayReducer (/Users/vishruthsk/clawger/node_modules/next/dist/client/components/react-dev-overlay/shared.js:87:34)\\n    at ReactDevOverlay (/Users/vishruthsk/clawger/node_modules/next/dist/client/components/react-dev-overlay/pages/ReactDevOverlay.js:31:66)\\n    at ReactDevOverlay (/Users/vishruthsk/clawger/node_modules/next/dist/server/dev/next-dev-server.js:100:12)\\n    at renderWithHooks (/Users/vishruthsk/clawger/web/node_modules/react-dom/cjs/react-dom-server.browser.development.js:5658:16)\\n    at renderIndeterminateComponent (/Users/vishruthsk/clawger/web/node_modules/react-dom/cjs/react-dom-server.browser.development.js:5732:15)\\n    at renderElement (/Users/vishruthsk/clawger/web/node_modules/react-dom/cjs/react-dom-server.browser.development.js:5957:7)\\n    at renderNodeDestructiveImpl (/Users/vishruthsk/clawger/web/node_modules/react-dom/cjs/react-dom-server.browser.development.js:6115:11)\\n    at renderNodeDestructive (/Users/vishruthsk/clawger/web/node_modules/react-dom/cjs/react-dom-server.browser.development.js:6087:14)\\n    at renderNode (/Users/vishruthsk/clawger/web/node_modules/react-dom/cjs/react-dom-server.browser.development.js:6270:12)\\n    at renderHostElement (/Users/vishruthsk/clawger/web/node_modules/react-dom/cjs/react-dom-server.browser.development.js:5642:3)\\n    at renderElement (/Users/vishruthsk/clawger/web/node_modules/react-dom/cjs/react-dom-server.browser.development.js:5963:5)\\n    at renderNodeDestructiveImpl (/Users/vishruthsk/clawger/web/node_modules/react-dom/cjs/react-dom-server.browser.development.js:6115:11)\\n    at renderNodeDestructive (/Users/vishruthsk/clawger/web/node_modules/react-dom/cjs/react-dom-server.browser.development.js:6087:14)\\n    at renderIndeterminateComponent (/Users/vishruthsk/clawger/web/node_modules/react-dom/cjs/react-dom-server.browser.development.js:5786:7)\\n    at renderElement (/Users/vishruthsk/clawger/web/node_modules/react-dom/cjs/react-dom-server.browser.development.js:5957:7)\\n    at renderNodeDestructiveImpl (/Users/vishruthsk/clawger/web/node_modules/react-dom/cjs/react-dom-server.browser.development.js:6115:11)\\n    at renderNodeDestructive (/Users/vishruthsk/clawger/web/node_modules/react-dom/cjs/react-dom-server.browser.development.js:6087:14)\\n    at retryTask (/Users/vishruthsk/clawger/web/node_modules/react-dom/cjs/react-dom-server.browser.development.js:6539:5)\\n    at performWork (/Users/vishruthsk/clawger/web/node_modules/react-dom/cjs/react-dom-server.browser.development.js:6587:7)\\n    at /Users/vishruthsk/clawger/web/node_modules/react-dom/cjs/react-dom-server.browser.development.js:6913:12\\n    at scheduleWork (/Users/vishruthsk/clawger/web/node_modules/react-dom/cjs/react-dom-server.browser.development.js:77:3)\\n    at startWork (/Users/vishruthsk/clawger/web/node_modules/react-dom/cjs/react-dom-server.browser.development.js:6912:3)\\n    at /Users/vishruthsk/clawger/web/node_modules/react-dom/cjs/react-dom-server.browser.development.js:7007:5\\n    at new Promise (\\u003canonymous\\u003e)\\n    at Object.renderToReadableStream (/Users/vishruthsk/clawger/web/node_modules/react-dom/cjs/react-dom-server.browser.development.js:6960:10)\\n    at e0 (/Users/vishruthsk/clawger/web/node_modules/next/dist/compiled/next-server/pages.runtime.dev.js:8:21476)\\n    at Object.t [as renderPage] (/Users/vishruthsk/clawger/web/node_modules/next/dist/compiled/next-server/pages.runtime.dev.js:26:920)\\n    at Object.defaultGetInitialProps (/Users/vishruthsk/clawger/web/node_modules/next/dist/compiled/next-server/pages.runtime.dev.js:17:3550)\\n    at Document.getInitialProps (webpack-internal:///../node_modules/next/dist/pages/_document.js:803:20)\\n    at V (/Users/vishruthsk/clawger/web/node_modules/next/dist/compiled/next-server/pages.runtime.dev.js:8:5430)\\n    at n (/Users/vishruthsk/clawger/web/node_modules/next/dist/compiled/next-server/pages.runtime.dev.js:26:1538)\\n    at e6 (/Users/vishruthsk/clawger/web/node_modules/next/dist/compiled/next-server/pages.runtime.dev.js:26:2432)\\n    at /Users/vishruthsk/clawger/web/node_modules/next/dist/compiled/next-server/pages.runtime.dev.js:26:2929\\n    at /Users/vishruthsk/clawger/web/node_modules/next/dist/server/lib/trace/tracer.js:140:36\\n    at NoopContextManager.with (/Users/vishruthsk/clawger/web/node_modules/next/dist/compiled/@opentelemetry/api/index.js:1:7062)\\n    at ContextAPI.with (/Users/vishruthsk/clawger/web/node_modules/next/dist/compiled/@opentelemetry/api/index.js:1:518)\\n    at NoopTracer.startActiveSpan (/Users/vishruthsk/clawger/web/node_modules/next/dist/compiled/@opentelemetry/api/index.js:1:18093)\\n    at ProxyTracer.startActiveSpan (/Users/vishruthsk/clawger/web/node_modules/next/dist/compiled/@opentelemetry/api/index.js:1:18854)\\n    at /Users/vishruthsk/clawger/web/node_modules/next/dist/server/lib/trace/tracer.js:122:103\\n    at NoopContextManager.with (/Users/vishruthsk/clawger/web/node_modules/next/dist/compiled/@opentelemetry/api/index.js:1:7062)\\n    at ContextAPI.with (/Users/vishruthsk/clawger/web/node_modules/next/dist/compiled/@opentelemetry/api/index.js:1:518)\\n    at NextTracerImpl.trace (/Users/vishruthsk/clawger/web/node_modules/next/dist/server/lib/trace/tracer.js:122:28)\\n    at e8 (/Users/vishruthsk/clawger/web/node_modules/next/dist/compiled/next-server/pages.runtime.dev.js:26:2816)\\n    at async doRender (/Users/vishruthsk/clawger/node_modules/next/dist/server/base-server.js:1414:30)\\n    at async cacheEntry.responseCache.get.routeKind (/Users/vishruthsk/clawger/node_modules/next/dist/server/base-server.js:1588:28)\\n    at async DevServer.renderToResponseWithComponentsImpl (/Users/vishruthsk/clawger/node_modules/next/dist/server/base-server.js:1496:28)\\n    at async DevServer.renderErrorToResponseImpl (/Users/vishruthsk/clawger/node_modules/next/dist/server/base-server.js:2182:24)\\n    at async pipe.req.req (/Users/vishruthsk/clawger/node_modules/next/dist/server/base-server.js:2056:30)\\n    at async DevServer.pipeImpl (/Users/vishruthsk/clawger/node_modules/next/dist/server/base-server.js:922:25)"},"gip":true,"scriptLoader":[]}</script></body></html>`
  },
  status: 500
}

❌ ERROR in E2E Test:
<!DOCTYPE html><html><head><style data-next-hide-fouc="true">body{display:none}</style><noscript data-next-hide-fouc="true"><style>body{display:block}</style></noscript><meta charSet="utf-8"/><meta name="viewport" content="width=device-width"/><meta name="next-head-count" content="2"/><noscript data-n-css=""></noscript><script defer="" nomodule="" src="/_next/static/chunks/polyfills.js"></script><script src="/_next/static/chunks/fallback/webpack.js" defer=""></script><script src="/_next/static/chunks/fallback/main.js" defer=""></script><script src="/_next/static/chunks/fallback/pages/_app.js" defer=""></script><script src="/_next/static/chunks/fallback/pages/_error.js" defer=""></script><noscript id="__next_css__DO_NOT_USE__"></noscript></head><body><div id="__next"></div><script src="/_next/static/chunks/fallback/react-refresh.js"></script><script id="__NEXT_DATA__" type="application/json">{"props":{"pageProps":{"statusCode":500}},"page":"/_error","query":{},"buildId":"development","isFallback":false,"err":{"name":"TypeError","source":"server","message":"Cannot read properties of null (reading 'useReducer')","stack":"TypeError: Cannot read properties of null (reading 'useReducer')\n    at useReducer (/Users/vishruthsk/clawger/node_modules/react/cjs/react.development.js:1626:21)\n    at useErrorOverlayReducer (/Users/vishruthsk/clawger/node_modules/next/dist/client/components/react-dev-overlay/shared.js:87:34)\n    at ReactDevOverlay (/Users/vishruthsk/clawger/node_modules/next/dist/client/components/react-dev-overlay/pages/ReactDevOverlay.js:31:66)\n    at ReactDevOverlay (/Users/vishruthsk/clawger/node_modules/next/dist/server/dev/next-dev-server.js:100:12)\n    at renderWithHooks (/Users/vishruthsk/clawger/web/node_modules/react-dom/cjs/react-dom-server.browser.development.js:5658:16)\n    at renderIndeterminateComponent (/Users/vishruthsk/clawger/web/node_modules/react-dom/cjs/react-dom-server.browser.development.js:5732:15)\n    at renderElement (/Users/vishruthsk/clawger/web/node_modules/react-dom/cjs/react-dom-server.browser.development.js:5957:7)\n    at renderNodeDestructiveImpl (/Users/vishruthsk/clawger/web/node_modules/react-dom/cjs/react-dom-server.browser.development.js:6115:11)\n    at renderNodeDestructive (/Users/vishruthsk/clawger/web/node_modules/react-dom/cjs/react-dom-server.browser.development.js:6087:14)\n    at renderNode (/Users/vishruthsk/clawger/web/node_modules/react-dom/cjs/react-dom-server.browser.development.js:6270:12)\n    at renderHostElement (/Users/vishruthsk/clawger/web/node_modules/react-dom/cjs/react-dom-server.browser.development.js:5642:3)\n    at renderElement (/Users/vishruthsk/clawger/web/node_modules/react-dom/cjs/react-dom-server.browser.development.js:5963:5)\n    at renderNodeDestructiveImpl (/Users/vishruthsk/clawger/web/node_modules/react-dom/cjs/react-dom-server.browser.development.js:6115:11)\n    at renderNodeDestructive (/Users/vishruthsk/clawger/web/node_modules/react-dom/cjs/react-dom-server.browser.development.js:6087:14)\n    at renderIndeterminateComponent (/Users/vishruthsk/clawger/web/node_modules/react-dom/cjs/react-dom-server.browser.development.js:5786:7)\n    at renderElement (/Users/vishruthsk/clawger/web/node_modules/react-dom/cjs/react-dom-server.browser.development.js:5957:7)\n    at renderNodeDestructiveImpl (/Users/vishruthsk/clawger/web/node_modules/react-dom/cjs/react-dom-server.browser.development.js:6115:11)\n    at renderNodeDestructive (/Users/vishruthsk/clawger/web/node_modules/react-dom/cjs/react-dom-server.browser.development.js:6087:14)\n    at retryTask (/Users/vishruthsk/clawger/web/node_modules/react-dom/cjs/react-dom-server.browser.development.js:6539:5)\n    at performWork (/Users/vishruthsk/clawger/web/node_modules/react-dom/cjs/react-dom-server.browser.development.js:6587:7)\n    at /Users/vishruthsk/clawger/web/node_modules/react-dom/cjs/react-dom-server.browser.development.js:6913:12\n    at scheduleWork (/Users/vishruthsk/clawger/web/node_modules/react-dom/cjs/react-dom-server.browser.development.js:77:3)\n    at startWork (/Users/vishruthsk/clawger/web/node_modules/react-dom/cjs/react-dom-server.browser.development.js:6912:3)\n    at /Users/vishruthsk/clawger/web/node_modules/react-dom/cjs/react-dom-server.browser.development.js:7007:5\n    at new Promise (\u003canonymous\u003e)\n    at Object.renderToReadableStream (/Users/vishruthsk/clawger/web/node_modules/react-dom/cjs/react-dom-server.browser.development.js:6960:10)\n    at e0 (/Users/vishruthsk/clawger/web/node_modules/next/dist/compiled/next-server/pages.runtime.dev.js:8:21476)\n    at Object.t [as renderPage] (/Users/vishruthsk/clawger/web/node_modules/next/dist/compiled/next-server/pages.runtime.dev.js:26:920)\n    at Object.defaultGetInitialProps (/Users/vishruthsk/clawger/web/node_modules/next/dist/compiled/next-server/pages.runtime.dev.js:17:3550)\n    at Document.getInitialProps (webpack-internal:///../node_modules/next/dist/pages/_document.js:803:20)\n    at V (/Users/vishruthsk/clawger/web/node_modules/next/dist/compiled/next-server/pages.runtime.dev.js:8:5430)\n    at n (/Users/vishruthsk/clawger/web/node_modules/next/dist/compiled/next-server/pages.runtime.dev.js:26:1538)\n    at e6 (/Users/vishruthsk/clawger/web/node_modules/next/dist/compiled/next-server/pages.runtime.dev.js:26:2432)\n    at /Users/vishruthsk/clawger/web/node_modules/next/dist/compiled/next-server/pages.runtime.dev.js:26:2929\n    at /Users/vishruthsk/clawger/web/node_modules/next/dist/server/lib/trace/tracer.js:140:36\n    at NoopContextManager.with (/Users/vishruthsk/clawger/web/node_modules/next/dist/compiled/@opentelemetry/api/index.js:1:7062)\n    at ContextAPI.with (/Users/vishruthsk/clawger/web/node_modules/next/dist/compiled/@opentelemetry/api/index.js:1:518)\n    at NoopTracer.startActiveSpan (/Users/vishruthsk/clawger/web/node_modules/next/dist/compiled/@opentelemetry/api/index.js:1:18093)\n    at ProxyTracer.startActiveSpan (/Users/vishruthsk/clawger/web/node_modules/next/dist/compiled/@opentelemetry/api/index.js:1:18854)\n    at /Users/vishruthsk/clawger/web/node_modules/next/dist/server/lib/trace/tracer.js:122:103\n    at NoopContextManager.with (/Users/vishruthsk/clawger/web/node_modules/next/dist/compiled/@opentelemetry/api/index.js:1:7062)\n    at ContextAPI.with (/Users/vishruthsk/clawger/web/node_modules/next/dist/compiled/@opentelemetry/api/index.js:1:518)\n    at NextTracerImpl.trace (/Users/vishruthsk/clawger/web/node_modules/next/dist/server/lib/trace/tracer.js:122:28)\n    at e8 (/Users/vishruthsk/clawger/web/node_modules/next/dist/compiled/next-server/pages.runtime.dev.js:26:2816)\n    at async doRender (/Users/vishruthsk/clawger/node_modules/next/dist/server/base-server.js:1414:30)\n    at async cacheEntry.responseCache.get.routeKind (/Users/vishruthsk/clawger/node_modules/next/dist/server/base-server.js:1588:28)\n    at async DevServer.renderToResponseWithComponentsImpl (/Users/vishruthsk/clawger/node_modules/next/dist/server/base-server.js:1496:28)\n    at async DevServer.renderErrorToResponseImpl (/Users/vishruthsk/clawger/node_modules/next/dist/server/base-server.js:2182:24)\n    at async pipe.req.req (/Users/vishruthsk/clawger/node_modules/next/dist/server/base-server.js:2056:30)\n    at async DevServer.pipeImpl (/Users/vishruthsk/clawger/node_modules/next/dist/server/base-server.js:922:25)"},"gip":true,"scriptLoader":[]}</script></body></html>

================================================================================
FINAL RESULT: ❌ FAILED
================================================================================
