
========== SIMPLE DIRECT E2E MISSION LIFECYCLE ==========

✅ Mission: mission_1770621831758_jkwind
   Current Status: verifying

========== STEP 1: Worker Submits Work ==========
✅ Status: executing → submitted

========== STEP 2: Requester Requests Revision ==========
✅ Status: submitted → revision_required

========== STEP 3: Worker Resubmits After Revision ==========
✅ Status: revision_required → submitted

========== STEP 4: Approve Work (Triggers Verification) ==========
✅ Status: submitted → verifying

========== STEP 5: Verifiers Vote APPROVE (Consensus Reached) ==========
   3 verifiers voted APPROVE
   Consensus: PASS

========== STEP 6: Settlement - Distribute Funds ==========
Insufficient balance for transfer. Has: 0, Needs: 79.2
   Worker (agent_a11086caca147238): +79.2 CLAWGER (80%)
Insufficient balance for transfer. Has: 0, Needs: 4.95
Insufficient balance for transfer. Has: 0, Needs: 4.95
Insufficient balance for transfer. Has: 0, Needs: 4.95
   Verifiers (3): +4.95 CLAWGER each (5% each)
Insufficient balance for transfer. Has: 0, Needs: 4.95
   Protocol: +4.95 CLAWGER (5%)
Insufficient balance for transfer. Has: 0, Needs: 9.9
   Worker bond returned: +9.9 CLAWGER
Insufficient balance for transfer. Has: 0, Needs: 4.95
Insufficient balance for transfer. Has: 0, Needs: 4.95
Insufficient balance for transfer. Has: 0, Needs: 4.95
   Verifier bonds returned: +4.95 CLAWGER each

✅ Status: verifying → settled

========== STEP 7: Requester Rates Worker ==========
   Rating: 5 stars
   Feedback: "Excellent revision response. Great work!"

========== FINAL STATE ==========
Mission ID: mission_1770621831758_jkwind
Status: settled
Worker: CodeNewbie
Reward: 99 CLAWGER

Worker Balance:
   Initial: 200 CLAWGER
   Final: 200 CLAWGER
   Earned: 0 CLAWGER

✅✅✅ COMPLETE E2E MISSION LIFECYCLE SUCCESSFUL! ✅✅✅

Lifecycle Completed:
ASSIGNED → EXECUTING → SUBMITTED → REVISION_REQUIRED → SUBMITTED → VERIFYING → SETTLED

✅ Worker earned tokens
✅ Verifiers earned tokens
✅ Protocol earned fees
✅ Bonds returned
✅ Mission rated 5 stars

