2026-02-09T10:37:09.367Z - DISPATCH CALLED: mission=mission_1770633429356_jktfyp, agent=agent_078d10e414ffab21
2026-02-09T10:38:30.834Z - DISPATCH CALLED: mission=mission_1770633510809_fzpejr, agent=agent_e4e568afbdf756fb
2026-02-09T10:39:07.031Z - DISPATCH CALLED: mission=mission_1770633547022_zgdze2, agent=agent_a11086caca147238
2026-02-09T10:44:30.158Z - DISPATCH CALLED: mission=mission_1770633870149_ivshpy, agent=agent_e4e568afbdf756fb
2026-02-10T05:50:15.622Z - DISPATCH CALLED: mission=mission_1770702615616_f13g87, agent=agent_142f1fb5f38e41d0
2026-02-10T05:50:15.627Z - DISPATCH CALLED: mission=mission_1770702615623_dq664z, agent=agent_6a8e43ce8c51043c
2026-02-10T05:50:15.632Z - DISPATCH CALLED: mission=mission_1770702615627_yn8a98, agent=agent_d3cd81a2d8616453
2026-02-10T05:50:15.637Z - DISPATCH CALLED: mission=mission_1770702615633_d1b9wa, agent=agent_2e2715f900bf2acf
2026-02-10T05:50:15.640Z - DISPATCH CALLED: mission=mission_1770702615637_66mnsy, agent=agent_04f18d8c2f249149
2026-02-10T05:50:15.657Z - DISPATCH CALLED: mission=mission_1770702615652_wy2rwm, agent=agent_622e208c87035cbc
2026-02-10T09:53:24.337Z - DISPATCH CALLED: mission=mission_1770717204332_e8kbwy, agent=agent_7fef79d717e3ebbe
2026-02-10T09:53:24.343Z - DISPATCH CALLED: mission=mission_1770717204338_5jehh6, agent=agent_903448ebec9a2a17
2026-02-10T09:53:24.349Z - DISPATCH CALLED: mission=mission_1770717204344_d2kjiq, agent=agent_5bcebbd0b45a0a6c
2026-02-10T09:53:24.354Z - DISPATCH CALLED: mission=mission_1770717204350_7s6ts8, agent=agent_cdd7c44f8114e26b
2026-02-10T09:53:24.357Z - DISPATCH CALLED: mission=mission_1770717204354_pua35y, agent=agent_77aef17dde556b76
2026-02-10T09:53:24.368Z - DISPATCH CALLED: mission=mission_1770717204365_t1zzk8, agent=agent_77aef17dde556b76
2026-02-10T09:55:06.941Z - DISPATCH CALLED: mission=mission_1770717306938_h9s0pe, agent=agent_bf7b2a8eaa842c21
2026-02-10T09:55:06.944Z - DISPATCH CALLED: mission=mission_1770717306942_r1yb1h, agent=agent_a991e26fe2d88947
2026-02-10T09:55:06.946Z - DISPATCH CALLED: mission=mission_1770717306944_irtjpo, agent=agent_87764e02c96180f7
2026-02-10T09:55:06.948Z - DISPATCH CALLED: mission=mission_1770717306946_0ysc2r, agent=agent_6f3799d502a82362
2026-02-10T09:55:06.951Z - DISPATCH CALLED: mission=mission_1770717306949_vy5d5t, agent=agent_bf4098507a7b19e8
2026-02-10T09:55:06.959Z - DISPATCH CALLED: mission=mission_1770717306958_n2lo6l, agent=agent_b93f1e1dd06c3b0d
2026-02-10T09:56:38.558Z - DISPATCH CALLED: mission=mission_1770717398554_rvpn5o, agent=agent_32499e132a58fe15
2026-02-10T09:56:38.561Z - DISPATCH CALLED: mission=mission_1770717398558_jhl9cj, agent=agent_c80293e06e01a466
2026-02-10T09:56:38.563Z - DISPATCH CALLED: mission=mission_1770717398561_9pdobv, agent=agent_c9760f7a248bb054
2026-02-10T09:56:38.566Z - DISPATCH CALLED: mission=mission_1770717398563_t7nupx, agent=agent_71916ad83ec8f648
2026-02-10T09:56:38.568Z - DISPATCH CALLED: mission=mission_1770717398566_7364n5, agent=agent_9d106f75d764298b
2026-02-10T09:56:38.576Z - DISPATCH CALLED: mission=mission_1770717398574_jwuyvk, agent=agent_c9760f7a248bb054
2026-02-10T11:50:03.449Z - DISPATCH CALLED: mission=mission_1770724203439_bbwd4b, agent=agent_f7bc1e6cd29474d6
2026-02-10T11:50:03.538Z - DISPATCH CALLED: mission=mission_1770724203503_5yyaef, agent=agent_5b2ecf9290bf8835
2026-02-10T11:50:03.604Z - DISPATCH CALLED: mission=mission_1770724203596_1z4t74, agent=agent_5b2ecf9290bf8835
2026-02-10T11:50:03.665Z - DISPATCH CALLED: mission=mission_1770724203656_obsx8v, agent=agent_5b2ecf9290bf8835
2026-02-10T11:50:03.724Z - DISPATCH CALLED: mission=mission_1770724203716_15vvkz, agent=agent_5b2ecf9290bf8835
2026-02-10T11:50:03.783Z - DISPATCH CALLED: mission=mission_1770724203777_mirt5l, agent=agent_f7bc1e6cd29474d6
2026-02-10T11:50:03.842Z - DISPATCH CALLED: mission=mission_1770724203835_7o1838, agent=agent_5b2ecf9290bf8835
2026-02-10T11:50:03.903Z - DISPATCH CALLED: mission=mission_1770724203896_en6r6i, agent=agent_5b2ecf9290bf8835
2026-02-10T11:50:03.963Z - DISPATCH CALLED: mission=mission_1770724203955_mbpwj0, agent=agent_5b2ecf9290bf8835
2026-02-10T11:50:04.024Z - DISPATCH CALLED: mission=mission_1770724204016_me6qyh, agent=agent_f7bc1e6cd29474d6
2026-02-10T11:50:04.084Z - DISPATCH CALLED: mission=mission_1770724204077_p980hg, agent=agent_f7bc1e6cd29474d6
2026-02-10T11:50:04.145Z - DISPATCH CALLED: mission=mission_1770724204137_79z2da, agent=agent_7774591ba26eeb43
2026-02-10T11:50:04.209Z - DISPATCH CALLED: mission=mission_1770724204198_jqi8w1, agent=agent_f7bc1e6cd29474d6
2026-02-10T11:52:09.810Z - DISPATCH CALLED: mission=mission_1770724329806_gcdk27, agent=agent_7774591ba26eeb43
2026-02-10T11:52:09.867Z - DISPATCH CALLED: mission=mission_1770724329863_v3gblm, agent=agent_7774591ba26eeb43
2026-02-10T11:52:09.922Z - DISPATCH CALLED: mission=mission_1770724329918_pakow5, agent=agent_f7bc1e6cd29474d6
2026-02-10T11:52:09.978Z - DISPATCH CALLED: mission=mission_1770724329974_t5e3o9, agent=agent_f7bc1e6cd29474d6
2026-02-10T11:52:10.033Z - DISPATCH CALLED: mission=mission_1770724330030_2s2h1s, agent=agent_f7bc1e6cd29474d6
2026-02-10T11:52:10.090Z - DISPATCH CALLED: mission=mission_1770724330085_d82ay1, agent=agent_7774591ba26eeb43
2026-02-10T11:52:10.145Z - DISPATCH CALLED: mission=mission_1770724330141_5kevmo, agent=agent_5b2ecf9290bf8835
2026-02-10T11:52:10.200Z - DISPATCH CALLED: mission=mission_1770724330196_djbmyu, agent=agent_7774591ba26eeb43
2026-02-10T11:52:10.256Z - DISPATCH CALLED: mission=mission_1770724330251_v0cszd, agent=agent_7774591ba26eeb43
2026-02-10T11:52:10.312Z - DISPATCH CALLED: mission=mission_1770724330309_a8xbq0, agent=agent_f7bc1e6cd29474d6
2026-02-10T11:52:10.366Z - DISPATCH CALLED: mission=mission_1770724330363_r3pznz, agent=agent_5b2ecf9290bf8835
2026-02-10T11:52:10.422Z - DISPATCH CALLED: mission=mission_1770724330418_ppwgb6, agent=agent_5b2ecf9290bf8835
2026-02-10T11:52:10.477Z - DISPATCH CALLED: mission=mission_1770724330474_adc05s, agent=agent_f7bc1e6cd29474d6
2026-02-10T11:52:10.532Z - DISPATCH CALLED: mission=mission_1770724330529_xe3eye, agent=agent_7774591ba26eeb43
2026-02-10T11:52:10.587Z - DISPATCH CALLED: mission=mission_1770724330584_dowbiz, agent=agent_7774591ba26eeb43
2026-02-10T11:52:10.643Z - DISPATCH CALLED: mission=mission_1770724330639_94072u, agent=agent_7774591ba26eeb43
2026-02-10T11:52:10.699Z - DISPATCH CALLED: mission=mission_1770724330695_c1s01l, agent=agent_7774591ba26eeb43
2026-02-10T12:19:41.701Z - DISPATCH CALLED: mission=mission_1770725981692_rrgsh7, agent=agent_9b5140dc65644a2a
2026-02-10T12:19:41.723Z - DISPATCH CALLED: mission=mission_1770725981715_seznt8, agent=agent_9b5140dc65644a2a
2026-02-10T12:19:41.743Z - DISPATCH CALLED: mission=mission_1770725981735_okm6sp, agent=agent_1f73b6b29032c162
2026-02-10T12:19:41.763Z - DISPATCH CALLED: mission=mission_1770725981755_qs79nl, agent=agent_ed98f117b1418107
2026-02-10T12:19:41.782Z - DISPATCH CALLED: mission=mission_1770725981775_lm3nla, agent=agent_1f73b6b29032c162
2026-02-10T12:19:41.801Z - DISPATCH CALLED: mission=mission_1770725981794_ftohna, agent=agent_422730ff170e51f4
2026-02-10T12:19:41.818Z - DISPATCH CALLED: mission=mission_1770725981811_fcg1gf, agent=agent_9b5140dc65644a2a
2026-02-10T12:19:41.837Z - DISPATCH CALLED: mission=mission_1770725981831_kgvmhg, agent=agent_422730ff170e51f4
2026-02-10T12:19:41.856Z - DISPATCH CALLED: mission=mission_1770725981850_qzz8wg, agent=agent_38dc700420bafed4
2026-02-10T12:19:41.875Z - DISPATCH CALLED: mission=mission_1770725981868_qlvk55, agent=agent_ed98f117b1418107
2026-02-10T12:19:41.894Z - DISPATCH CALLED: mission=mission_1770725981888_bsu2uk, agent=agent_9b5140dc65644a2a
2026-02-10T12:19:41.912Z - DISPATCH CALLED: mission=mission_1770725981905_pmpyc8, agent=agent_38dc700420bafed4
2026-02-10T12:19:41.932Z - DISPATCH CALLED: mission=mission_1770725981924_bph3md, agent=agent_38dc700420bafed4
2026-02-10T12:19:41.949Z - DISPATCH CALLED: mission=mission_1770725981942_8s0otq, agent=agent_ed98f117b1418107
2026-02-10T12:19:41.967Z - DISPATCH CALLED: mission=mission_1770725981961_5ci1m4, agent=agent_422730ff170e51f4
2026-02-10T12:19:41.987Z - DISPATCH CALLED: mission=mission_1770725981979_mg7td4, agent=agent_422730ff170e51f4
2026-02-10T12:19:42.007Z - DISPATCH CALLED: mission=mission_1770725981999_bcd0kb, agent=agent_1f73b6b29032c162
2026-02-10T12:19:42.026Z - DISPATCH CALLED: mission=mission_1770725982018_5r4uhl, agent=agent_38dc700420bafed4
2026-02-10T12:19:42.045Z - DISPATCH CALLED: mission=mission_1770725982038_t5l884, agent=agent_ed98f117b1418107
2026-02-10T12:19:42.064Z - DISPATCH CALLED: mission=mission_1770725982056_kysp4s, agent=agent_ed98f117b1418107
2026-02-10T12:19:42.084Z - DISPATCH CALLED: mission=mission_1770725982076_ocuucw, agent=agent_38dc700420bafed4
2026-02-10T12:19:42.103Z - DISPATCH CALLED: mission=mission_1770725982095_4kf13h, agent=agent_9b5140dc65644a2a
2026-02-10T12:19:42.122Z - DISPATCH CALLED: mission=mission_1770725982115_j54xyb, agent=agent_ed98f117b1418107
2026-02-10T12:19:42.142Z - DISPATCH CALLED: mission=mission_1770725982134_k4lib1, agent=agent_ed98f117b1418107
2026-02-10T12:19:42.163Z - DISPATCH CALLED: mission=mission_1770725982154_mat38r, agent=agent_ed98f117b1418107
2026-02-10T12:19:42.183Z - DISPATCH CALLED: mission=mission_1770725982175_0nuic9, agent=agent_ed98f117b1418107
2026-02-10T12:19:42.203Z - DISPATCH CALLED: mission=mission_1770725982194_xld1is, agent=agent_422730ff170e51f4
2026-02-10T12:19:42.227Z - DISPATCH CALLED: mission=mission_1770725982215_c4nqfd, agent=agent_ed98f117b1418107
2026-02-10T12:19:42.297Z - DISPATCH CALLED: mission=mission_1770725982248_me8ypt, agent=agent_9b5140dc65644a2a
2026-02-10T12:19:42.319Z - DISPATCH CALLED: mission=mission_1770725982309_4kgwm0, agent=agent_9b5140dc65644a2a
2026-02-10T12:19:42.343Z - DISPATCH CALLED: mission=mission_1770725982332_kga49h, agent=agent_1f73b6b29032c162
2026-02-10T12:19:42.365Z - DISPATCH CALLED: mission=mission_1770725982355_fhai54, agent=agent_1f73b6b29032c162
2026-02-10T12:19:42.388Z - DISPATCH CALLED: mission=mission_1770725982378_ouwe5v, agent=agent_1f73b6b29032c162
2026-02-10T12:19:42.410Z - DISPATCH CALLED: mission=mission_1770725982401_ykekko, agent=agent_38dc700420bafed4
2026-02-10T12:19:42.434Z - DISPATCH CALLED: mission=mission_1770725982422_1dsoh2, agent=agent_9b5140dc65644a2a
2026-02-10T12:19:42.458Z - DISPATCH CALLED: mission=mission_1770725982447_sxb7ng, agent=agent_38dc700420bafed4
2026-02-10T12:19:42.480Z - DISPATCH CALLED: mission=mission_1770725982470_u3eref, agent=agent_9b5140dc65644a2a
2026-02-10T12:19:42.501Z - DISPATCH CALLED: mission=mission_1770725982491_te42rd, agent=agent_38dc700420bafed4
2026-02-10T12:19:42.524Z - DISPATCH CALLED: mission=mission_1770725982514_aowud3, agent=agent_422730ff170e51f4
2026-02-10T12:19:42.548Z - DISPATCH CALLED: mission=mission_1770725982536_o5375l, agent=agent_422730ff170e51f4
2026-02-10T12:19:42.569Z - DISPATCH CALLED: mission=mission_1770725982559_fch5de, agent=agent_9b5140dc65644a2a
2026-02-10T12:19:42.593Z - DISPATCH CALLED: mission=mission_1770725982581_qoc58d, agent=agent_1f73b6b29032c162
2026-02-10T12:19:42.761Z - DISPATCH CALLED: mission=mission_1770725982750_kzo7k3, agent=agent_422730ff170e51f4
2026-02-10T12:19:42.784Z - DISPATCH CALLED: mission=mission_1770725982774_th2gn4, agent=agent_1f73b6b29032c162
2026-02-10T12:19:42.808Z - DISPATCH CALLED: mission=mission_1770725982797_dg77lr, agent=agent_38dc700420bafed4
2026-02-10T12:19:42.833Z - DISPATCH CALLED: mission=mission_1770725982819_vrefe0, agent=agent_422730ff170e51f4
2026-02-10T12:19:42.858Z - DISPATCH CALLED: mission=mission_1770725982845_8j1cm9, agent=agent_422730ff170e51f4
2026-02-10T12:19:42.883Z - DISPATCH CALLED: mission=mission_1770725982870_mo7b6r, agent=agent_1f73b6b29032c162
2026-02-10T12:19:42.907Z - DISPATCH CALLED: mission=mission_1770725982895_c7024s, agent=agent_38dc700420bafed4
2026-02-10T12:19:42.939Z - DISPATCH CALLED: mission=mission_1770725982924_38zadx, agent=agent_1f73b6b29032c162
2026-02-10T12:22:45.837Z - DISPATCH CALLED: mission=mission_1770726165830_mwtizw, agent=agent_1f73b6b29032c162
2026-02-10T12:22:45.855Z - DISPATCH CALLED: mission=mission_1770726165849_04o3sg, agent=agent_38dc700420bafed4
2026-02-10T12:22:45.873Z - DISPATCH CALLED: mission=mission_1770726165867_rd8v5c, agent=agent_9b5140dc65644a2a
2026-02-10T12:22:45.889Z - DISPATCH CALLED: mission=mission_1770726165885_uyeun3, agent=agent_9b5140dc65644a2a
2026-02-10T12:22:45.905Z - DISPATCH CALLED: mission=mission_1770726165901_klebi4, agent=agent_ed98f117b1418107
2026-02-10T12:22:45.921Z - DISPATCH CALLED: mission=mission_1770726165917_uet74s, agent=agent_9b5140dc65644a2a
2026-02-10T12:22:45.937Z - DISPATCH CALLED: mission=mission_1770726165933_8xpeq0, agent=agent_9b5140dc65644a2a
2026-02-10T12:22:45.952Z - DISPATCH CALLED: mission=mission_1770726165949_qbms21, agent=agent_9b5140dc65644a2a
2026-02-10T12:22:45.969Z - DISPATCH CALLED: mission=mission_1770726165964_o1h7h7, agent=agent_ed98f117b1418107
2026-02-10T12:22:45.986Z - DISPATCH CALLED: mission=mission_1770726165982_b5z6b6, agent=agent_9b5140dc65644a2a
2026-02-10T12:22:46.000Z - DISPATCH CALLED: mission=mission_1770726165998_35cm29, agent=agent_9b5140dc65644a2a
2026-02-10T12:22:46.016Z - DISPATCH CALLED: mission=mission_1770726166011_2h86o4, agent=agent_ed98f117b1418107
2026-02-10T12:22:46.039Z - DISPATCH CALLED: mission=mission_1770726166030_on6lul, agent=agent_422730ff170e51f4
2026-02-10T12:22:46.056Z - DISPATCH CALLED: mission=mission_1770726166052_6u818x, agent=agent_422730ff170e51f4
2026-02-10T12:22:46.072Z - DISPATCH CALLED: mission=mission_1770726166067_hxyxi8, agent=agent_1f73b6b29032c162
2026-02-10T12:22:46.089Z - DISPATCH CALLED: mission=mission_1770726166083_jjgnmn, agent=agent_ed98f117b1418107
2026-02-10T12:22:46.110Z - DISPATCH CALLED: mission=mission_1770726166101_1wrawd, agent=agent_9b5140dc65644a2a
2026-02-10T12:22:46.124Z - DISPATCH CALLED: mission=mission_1770726166122_hq3mvn, agent=agent_ed98f117b1418107
2026-02-10T12:22:46.138Z - DISPATCH CALLED: mission=mission_1770726166136_j2rdoy, agent=agent_422730ff170e51f4
2026-02-10T12:22:46.154Z - DISPATCH CALLED: mission=mission_1770726166150_m62yv1, agent=agent_38dc700420bafed4
2026-02-10T12:22:46.170Z - DISPATCH CALLED: mission=mission_1770726166166_ec7eyp, agent=agent_1f73b6b29032c162
2026-02-10T12:22:46.187Z - DISPATCH CALLED: mission=mission_1770726166182_qerw1y, agent=agent_ed98f117b1418107
2026-02-10T12:22:46.203Z - DISPATCH CALLED: mission=mission_1770726166199_ozga7x, agent=agent_9b5140dc65644a2a
2026-02-10T12:22:46.222Z - DISPATCH CALLED: mission=mission_1770726166215_rpyihe, agent=agent_9b5140dc65644a2a
2026-02-10T12:22:46.241Z - DISPATCH CALLED: mission=mission_1770726166233_zfzhjh, agent=agent_1f73b6b29032c162
2026-02-10T12:22:46.257Z - DISPATCH CALLED: mission=mission_1770726166253_06qkbf, agent=agent_ed98f117b1418107
2026-02-10T12:22:46.274Z - DISPATCH CALLED: mission=mission_1770726166268_eun0xt, agent=agent_1f73b6b29032c162
2026-02-10T12:22:46.289Z - DISPATCH CALLED: mission=mission_1770726166285_si601v, agent=agent_1f73b6b29032c162
2026-02-10T12:22:46.307Z - DISPATCH CALLED: mission=mission_1770726166299_i5mrp4, agent=agent_ed98f117b1418107
2026-02-10T12:22:46.323Z - DISPATCH CALLED: mission=mission_1770726166320_9dh736, agent=agent_1f73b6b29032c162
2026-02-10T12:22:46.337Z - DISPATCH CALLED: mission=mission_1770726166334_ojv190, agent=agent_38dc700420bafed4
2026-02-10T12:22:46.354Z - DISPATCH CALLED: mission=mission_1770726166349_gshhis, agent=agent_ed98f117b1418107
2026-02-10T12:22:46.369Z - DISPATCH CALLED: mission=mission_1770726166366_0ghyc4, agent=agent_422730ff170e51f4
2026-02-10T12:22:46.385Z - DISPATCH CALLED: mission=mission_1770726166381_i9101n, agent=agent_1f73b6b29032c162
2026-02-10T12:22:46.399Z - DISPATCH CALLED: mission=mission_1770726166397_4vyq7n, agent=agent_1f73b6b29032c162
2026-02-10T12:22:46.413Z - DISPATCH CALLED: mission=mission_1770726166411_bo1cj9, agent=agent_38dc700420bafed4
2026-02-10T12:22:46.428Z - DISPATCH CALLED: mission=mission_1770726166425_wjdrcc, agent=agent_ed98f117b1418107
2026-02-10T12:22:46.442Z - DISPATCH CALLED: mission=mission_1770726166440_uyd7np, agent=agent_38dc700420bafed4
2026-02-10T12:22:46.458Z - DISPATCH CALLED: mission=mission_1770726166454_831hh2, agent=agent_422730ff170e51f4
2026-02-10T12:22:46.478Z - DISPATCH CALLED: mission=mission_1770726166470_erfqqb, agent=agent_38dc700420bafed4
2026-02-10T12:43:30.145Z - DISPATCH CALLED: mission=mission_1770727410142_q1nyr8, agent=agent_2adeb7f78bd54dda
2026-02-10T12:51:47.062Z - DISPATCH CALLED: mission=mission_1770727907055_c7vp2y, agent=agent_2adeb7f78bd54dda
2026-02-10T12:53:50.949Z - DISPATCH CALLED: mission=mission_1770728030945_cuxgrh, agent=agent_2adeb7f78bd54dda
2026-02-10T12:55:45.676Z - DISPATCH CALLED: mission=mission_1770728145673_n7eonb, agent=agent_37266161baef7295
2026-02-10T13:06:59.086Z - DISPATCH CALLED: mission=mission_1770728819083_nujwce, agent=agent_08fa6e03db187e33
2026-02-10T13:23:46.235Z - DISPATCH CALLED: mission=mission_1770729826231_ho8aya, agent=agent_0332659639a4383e
2026-02-10T13:26:41.702Z - DISPATCH CALLED: mission=mission_1770730001699_glf2bm, agent=agent_36e9b4e7b59be28f
2026-02-10T17:44:04.852Z - DISPATCH CALLED: mission=mission_1770745444845_eajcak, agent=agent_8522e7eefbccf241
2026-02-10T17:44:04.868Z - DISPATCH CALLED: mission=mission_1770745444855_szn80y, agent=agent_1bfff97f5cfda4f1
2026-02-10T17:44:04.875Z - DISPATCH CALLED: mission=mission_1770745444871_dm821f, agent=agent_11bc8b5ac42dd3d4
2026-02-10T17:45:03.496Z - DISPATCH CALLED: mission=mission_1770745503475_faaqbb, agent=agent_844643efadd2b956
2026-02-10T17:45:03.514Z - DISPATCH CALLED: mission=mission_1770745503502_9u282p, agent=agent_718d83a8afc4ac0f
2026-02-10T17:45:03.528Z - DISPATCH CALLED: mission=mission_1770745503518_yitsy6, agent=agent_5007712698dcda85
2026-02-11T07:05:54.749Z - DISPATCH CALLED: mission=mission_1770793554747_f8zfwp, agent=agent_d372a2999b603fad
2026-02-11T07:05:54.754Z - DISPATCH CALLED: mission=mission_1770793554752_pw0y4u, agent=agent_0a6fd2ae9a3fbec0
2026-02-11T07:05:54.756Z - DISPATCH CALLED: mission=mission_1770793554755_ap1z5e, agent=agent_d78f27bf3cbaf4bf
2026-02-11T07:11:52.348Z - DISPATCH CALLED: mission=mission_1770793912345_3gdar4, agent=agent_0a6fd2ae9a3fbec0
2026-02-11T07:17:02.773Z - DISPATCH CALLED: mission=mission_1770794222767_cl6i53, agent=agent_4f83cf767d875fc4
2026-02-11T07:17:02.779Z - DISPATCH CALLED: mission=mission_1770794222776_bp3ked, agent=agent_365def9a807f6d2d
2026-02-11T07:17:02.783Z - DISPATCH CALLED: mission=mission_1770794222780_hlx52k, agent=agent_f3089410b48ec5f7
2026-02-11T07:25:01.532Z - DISPATCH CALLED: mission=mission_1770794701529_t8qxb0, agent=agent_3c772fd039674431
2026-02-11T07:25:01.535Z - DISPATCH CALLED: mission=mission_1770794701533_6fofug, agent=agent_07760cc0e9e5f981
2026-02-11T07:25:01.537Z - DISPATCH CALLED: mission=mission_1770794701535_5ciw1j, agent=agent_d070424915eb7d49
2026-02-11T07:38:03.483Z - DISPATCH CALLED: mission=mission_1770795483478_5fimzn, agent=agent_0798446c59b12beb
2026-02-11T07:39:08.476Z - DISPATCH CALLED: mission=mission_1770795548470_laogfm, agent=agent_8dd8959e5a81ed39
2026-02-11T07:39:08.480Z - DISPATCH CALLED: mission=mission_1770795548478_szh4t0, agent=agent_00536cef541d8e33
2026-02-11T07:39:08.483Z - DISPATCH CALLED: mission=mission_1770795548481_rbdhbm, agent=agent_fe0a74799f59500c
2026-02-11T07:47:53.527Z - DISPATCH CALLED: mission=mission_1770796073522_5joep7, agent=agent_fe0a74799f59500c
2026-02-11T07:48:57.782Z - DISPATCH CALLED: mission=mission_1770796137777_yjknsz, agent=agent_1c211a637e519166
2026-02-11T08:12:52.793Z - DISPATCH CALLED: mission=mission_1770797572786_v3v004, agent=agent_fe0a74799f59500c
